{"D:\\Andela-stuff\\Mybrand\\my-brand-backend\\src\\index.js": {"path":"D:\\Andela-stuff\\Mybrand\\my-brand-backend\\src\\index.js","statementMap":{"0":{"start":{"line":10,"column":0},"end":{"line":14,"column":3}},"1":{"start":{"line":11,"column":2},"end":{"line":11,"column":37}},"2":{"start":{"line":12,"column":2},"end":{"line":12,"column":47}},"3":{"start":{"line":13,"column":2},"end":{"line":13,"column":18}},"4":{"start":{"line":15,"column":0},"end":{"line":15,"column":47}},"5":{"start":{"line":17,"column":13},"end":{"line":17,"column":29}},"6":{"start":{"line":18,"column":11},"end":{"line":18,"column":31}},"7":{"start":{"line":20,"column":0},"end":{"line":26,"column":63}},"8":{"start":{"line":26,"column":14},"end":{"line":26,"column":61}},"9":{"start":{"line":27,"column":12},"end":{"line":27,"column":21}},"10":{"start":{"line":28,"column":0},"end":{"line":28,"column":16}},"11":{"start":{"line":29,"column":0},"end":{"line":29,"column":24}},"12":{"start":{"line":30,"column":0},"end":{"line":33,"column":4}},"13":{"start":{"line":30,"column":25},"end":{"line":33,"column":2}},"14":{"start":{"line":34,"column":0},"end":{"line":34,"column":32}},"15":{"start":{"line":35,"column":0},"end":{"line":35,"column":32}},"16":{"start":{"line":36,"column":0},"end":{"line":36,"column":35}},"17":{"start":{"line":37,"column":0},"end":{"line":37,"column":49}},"18":{"start":{"line":38,"column":0},"end":{"line":38,"column":73}},"19":{"start":{"line":38,"column":23},"end":{"line":38,"column":71}},"20":{"start":{"line":39,"column":0},"end":{"line":43,"column":3}},"21":{"start":{"line":40,"column":2},"end":{"line":40,"column":37}},"22":{"start":{"line":41,"column":2},"end":{"line":41,"column":48}},"23":{"start":{"line":42,"column":2},"end":{"line":42,"column":38}},"24":{"start":{"line":42,"column":21},"end":{"line":42,"column":36}}},"fnMap":{"0":{"name":"(anonymous_0)","decl":{"start":{"line":10,"column":32},"end":{"line":10,"column":33}},"loc":{"start":{"line":10,"column":41},"end":{"line":14,"column":1}},"line":10},"1":{"name":"(anonymous_1)","decl":{"start":{"line":26,"column":8},"end":{"line":26,"column":9}},"loc":{"start":{"line":26,"column":14},"end":{"line":26,"column":61}},"line":26},"2":{"name":"(anonymous_2)","decl":{"start":{"line":30,"column":13},"end":{"line":30,"column":14}},"loc":{"start":{"line":30,"column":24},"end":{"line":33,"column":3}},"line":30},"3":{"name":"(anonymous_3)","decl":{"start":{"line":38,"column":17},"end":{"line":38,"column":18}},"loc":{"start":{"line":38,"column":23},"end":{"line":38,"column":71}},"line":38},"4":{"name":"(anonymous_4)","decl":{"start":{"line":39,"column":33},"end":{"line":39,"column":34}},"loc":{"start":{"line":39,"column":42},"end":{"line":43,"column":1}},"line":39},"5":{"name":"(anonymous_5)","decl":{"start":{"line":42,"column":15},"end":{"line":42,"column":16}},"loc":{"start":{"line":42,"column":21},"end":{"line":42,"column":36}},"line":42}},"branchMap":{},"s":{"0":1,"1":0,"2":0,"3":0,"4":1,"5":1,"6":1,"7":1,"8":1,"9":1,"10":1,"11":1,"12":1,"13":0,"14":1,"15":1,"16":1,"17":1,"18":1,"19":1,"20":1,"21":0,"22":0,"23":0,"24":0},"f":{"0":0,"1":1,"2":0,"3":1,"4":0,"5":0},"b":{},"_coverageSchema":"1a1c01bbd47fc00a2c39e90264f33305004495a9","hash":"c9722f3e5fb3df65f9add80681fe1add030b17bd"}
,"D:\\Andela-stuff\\Mybrand\\my-brand-backend\\src\\blogs\\controllers\\blog.controllers.js": {"path":"D:\\Andela-stuff\\Mybrand\\my-brand-backend\\src\\blogs\\controllers\\blog.controllers.js","statementMap":{"0":{"start":{"line":4,"column":17},"end":{"line":4,"column":72}},"1":{"start":{"line":4,"column":31},"end":{"line":4,"column":72}},"2":{"start":{"line":6,"column":17},"end":{"line":15,"column":2}},"3":{"start":{"line":7,"column":19},"end":{"line":7,"column":39}},"4":{"start":{"line":8,"column":2},"end":{"line":14,"column":5}},"5":{"start":{"line":17,"column":16},"end":{"line":29,"column":2}},"6":{"start":{"line":18,"column":20},"end":{"line":18,"column":22}},"7":{"start":{"line":19,"column":2},"end":{"line":19,"column":37}},"8":{"start":{"line":20,"column":2},"end":{"line":20,"column":41}},"9":{"start":{"line":21,"column":2},"end":{"line":21,"column":37}},"10":{"start":{"line":22,"column":2},"end":{"line":22,"column":45}},"11":{"start":{"line":23,"column":2},"end":{"line":23,"column":51}},"12":{"start":{"line":24,"column":21},"end":{"line":24,"column":52}},"13":{"start":{"line":25,"column":2},"end":{"line":28,"column":5}},"14":{"start":{"line":31,"column":16},"end":{"line":40,"column":2}},"15":{"start":{"line":32,"column":18},"end":{"line":32,"column":53}},"16":{"start":{"line":33,"column":2},"end":{"line":35,"column":3}},"17":{"start":{"line":34,"column":4},"end":{"line":34,"column":68}},"18":{"start":{"line":36,"column":2},"end":{"line":39,"column":5}},"19":{"start":{"line":43,"column":18},"end":{"line":49,"column":1}},"20":{"start":{"line":44,"column":17},"end":{"line":44,"column":19}},"21":{"start":{"line":45,"column":2},"end":{"line":47,"column":5}},"22":{"start":{"line":46,"column":4},"end":{"line":46,"column":57}},"23":{"start":{"line":46,"column":36},"end":{"line":46,"column":57}},"24":{"start":{"line":48,"column":2},"end":{"line":48,"column":16}},"25":{"start":{"line":52,"column":19},"end":{"line":68,"column":2}},"26":{"start":{"line":53,"column":12},"end":{"line":53,"column":34}},"27":{"start":{"line":54,"column":21},"end":{"line":54,"column":73}},"28":{"start":{"line":55,"column":19},"end":{"line":58,"column":4}},"29":{"start":{"line":59,"column":2},"end":{"line":61,"column":3}},"30":{"start":{"line":60,"column":4},"end":{"line":60,"column":68}},"31":{"start":{"line":62,"column":2},"end":{"line":67,"column":5}},"32":{"start":{"line":69,"column":19},"end":{"line":89,"column":2}},"33":{"start":{"line":70,"column":2},"end":{"line":70,"column":41}},"34":{"start":{"line":71,"column":11},"end":{"line":71,"column":33}},"35":{"start":{"line":72,"column":2},"end":{"line":72,"column":33}},"36":{"start":{"line":73,"column":21},"end":{"line":73,"column":68}},"37":{"start":{"line":74,"column":2},"end":{"line":74,"column":41}},"38":{"start":{"line":75,"column":19},"end":{"line":78,"column":2}},"39":{"start":{"line":80,"column":2},"end":{"line":82,"column":3}},"40":{"start":{"line":81,"column":4},"end":{"line":81,"column":68}},"41":{"start":{"line":83,"column":2},"end":{"line":88,"column":5}},"42":{"start":{"line":91,"column":19},"end":{"line":101,"column":2}},"43":{"start":{"line":92,"column":14},"end":{"line":92,"column":36}},"44":{"start":{"line":93,"column":25},"end":{"line":93,"column":61}},"45":{"start":{"line":94,"column":2},"end":{"line":96,"column":3}},"46":{"start":{"line":95,"column":4},"end":{"line":95,"column":68}},"47":{"start":{"line":97,"column":2},"end":{"line":100,"column":5}}},"fnMap":{"0":{"name":"(anonymous_0)","decl":{"start":{"line":4,"column":17},"end":{"line":4,"column":18}},"loc":{"start":{"line":4,"column":31},"end":{"line":4,"column":72}},"line":4},"1":{"name":"(anonymous_1)","decl":{"start":{"line":6,"column":28},"end":{"line":6,"column":29}},"loc":{"start":{"line":6,"column":54},"end":{"line":15,"column":1}},"line":6},"2":{"name":"(anonymous_2)","decl":{"start":{"line":17,"column":27},"end":{"line":17,"column":28}},"loc":{"start":{"line":17,"column":53},"end":{"line":29,"column":1}},"line":17},"3":{"name":"(anonymous_3)","decl":{"start":{"line":31,"column":27},"end":{"line":31,"column":28}},"loc":{"start":{"line":31,"column":53},"end":{"line":40,"column":1}},"line":31},"4":{"name":"(anonymous_4)","decl":{"start":{"line":43,"column":18},"end":{"line":43,"column":19}},"loc":{"start":{"line":43,"column":45},"end":{"line":49,"column":1}},"line":43},"5":{"name":"(anonymous_5)","decl":{"start":{"line":45,"column":27},"end":{"line":45,"column":28}},"loc":{"start":{"line":45,"column":35},"end":{"line":47,"column":3}},"line":45},"6":{"name":"(anonymous_6)","decl":{"start":{"line":52,"column":30},"end":{"line":52,"column":31}},"loc":{"start":{"line":52,"column":56},"end":{"line":68,"column":1}},"line":52},"7":{"name":"(anonymous_7)","decl":{"start":{"line":69,"column":30},"end":{"line":69,"column":31}},"loc":{"start":{"line":69,"column":56},"end":{"line":89,"column":1}},"line":69},"8":{"name":"(anonymous_8)","decl":{"start":{"line":91,"column":30},"end":{"line":91,"column":31}},"loc":{"start":{"line":91,"column":56},"end":{"line":101,"column":1}},"line":91}},"branchMap":{"0":{"loc":{"start":{"line":33,"column":2},"end":{"line":35,"column":3}},"type":"if","locations":[{"start":{"line":33,"column":2},"end":{"line":35,"column":3}},{"start":{},"end":{}}],"line":33},"1":{"loc":{"start":{"line":46,"column":4},"end":{"line":46,"column":57}},"type":"if","locations":[{"start":{"line":46,"column":4},"end":{"line":46,"column":57}},{"start":{},"end":{}}],"line":46},"2":{"loc":{"start":{"line":59,"column":2},"end":{"line":61,"column":3}},"type":"if","locations":[{"start":{"line":59,"column":2},"end":{"line":61,"column":3}},{"start":{},"end":{}}],"line":59},"3":{"loc":{"start":{"line":80,"column":2},"end":{"line":82,"column":3}},"type":"if","locations":[{"start":{"line":80,"column":2},"end":{"line":82,"column":3}},{"start":{},"end":{}}],"line":80},"4":{"loc":{"start":{"line":94,"column":2},"end":{"line":96,"column":3}},"type":"if","locations":[{"start":{"line":94,"column":2},"end":{"line":96,"column":3}},{"start":{},"end":{}}],"line":94}},"s":{"0":1,"1":0,"2":1,"3":0,"4":0,"5":1,"6":0,"7":0,"8":0,"9":0,"10":0,"11":0,"12":0,"13":0,"14":1,"15":0,"16":0,"17":0,"18":0,"19":1,"20":0,"21":0,"22":0,"23":0,"24":0,"25":1,"26":0,"27":0,"28":0,"29":0,"30":0,"31":0,"32":1,"33":0,"34":0,"35":0,"36":0,"37":0,"38":0,"39":0,"40":0,"41":0,"42":1,"43":0,"44":0,"45":0,"46":0,"47":0},"f":{"0":0,"1":0,"2":0,"3":0,"4":0,"5":0,"6":0,"7":0,"8":0},"b":{"0":[0,0],"1":[0,0],"2":[0,0],"3":[0,0],"4":[0,0]},"_coverageSchema":"1a1c01bbd47fc00a2c39e90264f33305004495a9","hash":"3259ffe08bc83b7965b8c6f6170fa89b6ae6fdd7"}
,"D:\\Andela-stuff\\Mybrand\\my-brand-backend\\src\\blogs\\models\\blog.models.js": {"path":"D:\\Andela-stuff\\Mybrand\\my-brand-backend\\src\\blogs\\models\\blog.models.js","statementMap":{"0":{"start":{"line":3,"column":23},"end":{"line":35,"column":2}},"1":{"start":{"line":37,"column":13},"end":{"line":37,"column":47}}},"fnMap":{},"branchMap":{},"s":{"0":1,"1":1},"f":{},"b":{},"_coverageSchema":"1a1c01bbd47fc00a2c39e90264f33305004495a9","hash":"1ab79d75d8a841e065f2c9ec32db6bbb1e84f462"}
,"D:\\Andela-stuff\\Mybrand\\my-brand-backend\\src\\blogs\\routers\\blog.route.js": {"path":"D:\\Andela-stuff\\Mybrand\\my-brand-backend\\src\\blogs\\routers\\blog.route.js","statementMap":{"0":{"start":{"line":7,"column":15},"end":{"line":7,"column":41}},"1":{"start":{"line":9,"column":15},"end":{"line":9,"column":31}},"2":{"start":{"line":11,"column":0},"end":{"line":11,"column":26}},"3":{"start":{"line":13,"column":0},"end":{"line":13,"column":31}},"4":{"start":{"line":15,"column":0},"end":{"line":15,"column":84}},"5":{"start":{"line":17,"column":0},"end":{"line":17,"column":34}},"6":{"start":{"line":18,"column":0},"end":{"line":18,"column":45}},"7":{"start":{"line":20,"column":0},"end":{"line":20,"column":94}},"8":{"start":{"line":22,"column":0},"end":{"line":22,"column":39}}},"fnMap":{},"branchMap":{},"s":{"0":1,"1":1,"2":1,"3":1,"4":1,"5":1,"6":1,"7":1,"8":1},"f":{},"b":{},"_coverageSchema":"1a1c01bbd47fc00a2c39e90264f33305004495a9","hash":"dd0f45a8c7601a7e481777aca8aa84a369b86abc"}
,"D:\\Andela-stuff\\Mybrand\\my-brand-backend\\src\\messages\\controllers\\message.controllers.js": {"path":"D:\\Andela-stuff\\Mybrand\\my-brand-backend\\src\\messages\\controllers\\message.controllers.js","statementMap":{"0":{"start":{"line":4,"column":17},"end":{"line":4,"column":72}},"1":{"start":{"line":4,"column":31},"end":{"line":4,"column":72}},"2":{"start":{"line":6,"column":20},"end":{"line":15,"column":1}},"3":{"start":{"line":7,"column":18},"end":{"line":7,"column":41}},"4":{"start":{"line":8,"column":2},"end":{"line":14,"column":5}},"5":{"start":{"line":17,"column":19},"end":{"line":30,"column":1}},"6":{"start":{"line":18,"column":2},"end":{"line":18,"column":23}},"7":{"start":{"line":19,"column":20},"end":{"line":19,"column":22}},"8":{"start":{"line":20,"column":2},"end":{"line":20,"column":35}},"9":{"start":{"line":21,"column":2},"end":{"line":21,"column":37}},"10":{"start":{"line":22,"column":2},"end":{"line":22,"column":41}},"11":{"start":{"line":23,"column":2},"end":{"line":23,"column":51}},"12":{"start":{"line":24,"column":2},"end":{"line":24,"column":26}},"13":{"start":{"line":25,"column":21},"end":{"line":25,"column":55}},"14":{"start":{"line":26,"column":2},"end":{"line":29,"column":5}},"15":{"start":{"line":32,"column":19},"end":{"line":43,"column":1}},"16":{"start":{"line":33,"column":18},"end":{"line":33,"column":56}},"17":{"start":{"line":34,"column":2},"end":{"line":36,"column":3}},"18":{"start":{"line":35,"column":4},"end":{"line":35,"column":68}},"19":{"start":{"line":37,"column":2},"end":{"line":42,"column":5}},"20":{"start":{"line":46,"column":18},"end":{"line":52,"column":1}},"21":{"start":{"line":47,"column":17},"end":{"line":47,"column":19}},"22":{"start":{"line":48,"column":2},"end":{"line":50,"column":5}},"23":{"start":{"line":49,"column":4},"end":{"line":49,"column":57}},"24":{"start":{"line":49,"column":36},"end":{"line":49,"column":57}},"25":{"start":{"line":51,"column":2},"end":{"line":51,"column":16}},"26":{"start":{"line":55,"column":22},"end":{"line":71,"column":1}},"27":{"start":{"line":56,"column":12},"end":{"line":56,"column":34}},"28":{"start":{"line":57,"column":21},"end":{"line":57,"column":68}},"29":{"start":{"line":58,"column":19},"end":{"line":61,"column":4}},"30":{"start":{"line":62,"column":2},"end":{"line":64,"column":3}},"31":{"start":{"line":63,"column":4},"end":{"line":63,"column":70}},"32":{"start":{"line":65,"column":2},"end":{"line":70,"column":5}},"33":{"start":{"line":73,"column":22},"end":{"line":84,"column":1}},"34":{"start":{"line":74,"column":2},"end":{"line":74,"column":28}},"35":{"start":{"line":75,"column":14},"end":{"line":75,"column":36}},"36":{"start":{"line":76,"column":25},"end":{"line":76,"column":64}},"37":{"start":{"line":77,"column":2},"end":{"line":79,"column":3}},"38":{"start":{"line":78,"column":4},"end":{"line":78,"column":70}},"39":{"start":{"line":80,"column":2},"end":{"line":83,"column":5}}},"fnMap":{"0":{"name":"(anonymous_0)","decl":{"start":{"line":4,"column":17},"end":{"line":4,"column":18}},"loc":{"start":{"line":4,"column":31},"end":{"line":4,"column":72}},"line":4},"1":{"name":"(anonymous_1)","decl":{"start":{"line":6,"column":20},"end":{"line":6,"column":21}},"loc":{"start":{"line":6,"column":46},"end":{"line":15,"column":1}},"line":6},"2":{"name":"(anonymous_2)","decl":{"start":{"line":17,"column":19},"end":{"line":17,"column":20}},"loc":{"start":{"line":17,"column":45},"end":{"line":30,"column":1}},"line":17},"3":{"name":"(anonymous_3)","decl":{"start":{"line":32,"column":19},"end":{"line":32,"column":20}},"loc":{"start":{"line":32,"column":45},"end":{"line":43,"column":1}},"line":32},"4":{"name":"(anonymous_4)","decl":{"start":{"line":46,"column":18},"end":{"line":46,"column":19}},"loc":{"start":{"line":46,"column":45},"end":{"line":52,"column":1}},"line":46},"5":{"name":"(anonymous_5)","decl":{"start":{"line":48,"column":27},"end":{"line":48,"column":28}},"loc":{"start":{"line":48,"column":35},"end":{"line":50,"column":3}},"line":48},"6":{"name":"(anonymous_6)","decl":{"start":{"line":55,"column":22},"end":{"line":55,"column":23}},"loc":{"start":{"line":55,"column":48},"end":{"line":71,"column":1}},"line":55},"7":{"name":"(anonymous_7)","decl":{"start":{"line":73,"column":22},"end":{"line":73,"column":23}},"loc":{"start":{"line":73,"column":48},"end":{"line":84,"column":1}},"line":73}},"branchMap":{"0":{"loc":{"start":{"line":34,"column":2},"end":{"line":36,"column":3}},"type":"if","locations":[{"start":{"line":34,"column":2},"end":{"line":36,"column":3}},{"start":{},"end":{}}],"line":34},"1":{"loc":{"start":{"line":49,"column":4},"end":{"line":49,"column":57}},"type":"if","locations":[{"start":{"line":49,"column":4},"end":{"line":49,"column":57}},{"start":{},"end":{}}],"line":49},"2":{"loc":{"start":{"line":62,"column":2},"end":{"line":64,"column":3}},"type":"if","locations":[{"start":{"line":62,"column":2},"end":{"line":64,"column":3}},{"start":{},"end":{}}],"line":62},"3":{"loc":{"start":{"line":77,"column":2},"end":{"line":79,"column":3}},"type":"if","locations":[{"start":{"line":77,"column":2},"end":{"line":79,"column":3}},{"start":{},"end":{}}],"line":77}},"s":{"0":1,"1":0,"2":1,"3":0,"4":0,"5":1,"6":0,"7":0,"8":0,"9":0,"10":0,"11":0,"12":0,"13":0,"14":0,"15":1,"16":0,"17":0,"18":0,"19":0,"20":1,"21":0,"22":0,"23":0,"24":0,"25":0,"26":1,"27":0,"28":0,"29":0,"30":0,"31":0,"32":0,"33":1,"34":0,"35":0,"36":0,"37":0,"38":0,"39":0},"f":{"0":0,"1":0,"2":0,"3":0,"4":0,"5":0,"6":0,"7":0},"b":{"0":[0,0],"1":[0,0],"2":[0,0],"3":[0,0]},"_coverageSchema":"1a1c01bbd47fc00a2c39e90264f33305004495a9","hash":"cff576a6e88a53a27110aa99a34e7439c0af4e73"}
,"D:\\Andela-stuff\\Mybrand\\my-brand-backend\\src\\messages\\models\\message.models.js": {"path":"D:\\Andela-stuff\\Mybrand\\my-brand-backend\\src\\messages\\models\\message.models.js","statementMap":{"0":{"start":{"line":3,"column":22},"end":{"line":18,"column":2}},"1":{"start":{"line":20,"column":17},"end":{"line":20,"column":65}}},"fnMap":{},"branchMap":{},"s":{"0":1,"1":1},"f":{},"b":{},"_coverageSchema":"1a1c01bbd47fc00a2c39e90264f33305004495a9","hash":"91bbe40423a1ba304775e6468305d230c8f0411d"}
,"D:\\Andela-stuff\\Mybrand\\my-brand-backend\\src\\messages\\routers\\message.route.js": {"path":"D:\\Andela-stuff\\Mybrand\\my-brand-backend\\src\\messages\\routers\\message.route.js","statementMap":{"0":{"start":{"line":5,"column":15},"end":{"line":5,"column":31}},"1":{"start":{"line":7,"column":0},"end":{"line":7,"column":26}},"2":{"start":{"line":9,"column":0},"end":{"line":9,"column":37}},"3":{"start":{"line":11,"column":0},"end":{"line":11,"column":97}},"4":{"start":{"line":13,"column":0},"end":{"line":13,"column":93}},"5":{"start":{"line":15,"column":0},"end":{"line":15,"column":97}},"6":{"start":{"line":17,"column":0},"end":{"line":17,"column":99}}},"fnMap":{},"branchMap":{},"s":{"0":1,"1":1,"2":1,"3":1,"4":1,"5":1,"6":1},"f":{},"b":{},"_coverageSchema":"1a1c01bbd47fc00a2c39e90264f33305004495a9","hash":"a090d45b2a5899a23d3ed411f232ef414448a6ee"}
,"D:\\Andela-stuff\\Mybrand\\my-brand-backend\\src\\truthy\\truthy.js": {"path":"D:\\Andela-stuff\\Mybrand\\my-brand-backend\\src\\truthy\\truthy.js","statementMap":{"0":{"start":{"line":2,"column":2},"end":{"line":2,"column":14}}},"fnMap":{"0":{"name":"truth","decl":{"start":{"line":1,"column":9},"end":{"line":1,"column":14}},"loc":{"start":{"line":1,"column":17},"end":{"line":3,"column":1}},"line":1}},"branchMap":{},"s":{"0":1},"f":{"0":1},"b":{},"_coverageSchema":"1a1c01bbd47fc00a2c39e90264f33305004495a9","hash":"bbaf80400cc2667db22a352ba28d354136d86305"}
,"D:\\Andela-stuff\\Mybrand\\my-brand-backend\\src\\users\\controllers\\AuthController.js": {"path":"D:\\Andela-stuff\\Mybrand\\my-brand-backend\\src\\users\\controllers\\AuthController.js","statementMap":{"0":{"start":{"line":9,"column":18},"end":{"line":13,"column":1}},"1":{"start":{"line":10,"column":3},"end":{"line":12,"column":8}},"2":{"start":{"line":14,"column":23},"end":{"line":30,"column":1}},"3":{"start":{"line":15,"column":17},"end":{"line":15,"column":36}},"4":{"start":{"line":16,"column":26},"end":{"line":19,"column":5}},"5":{"start":{"line":20,"column":4},"end":{"line":20,"column":70}},"6":{"start":{"line":20,"column":45},"end":{"line":20,"column":70}},"7":{"start":{"line":21,"column":4},"end":{"line":21,"column":43}},"8":{"start":{"line":22,"column":4},"end":{"line":22,"column":29}},"9":{"start":{"line":23,"column":4},"end":{"line":29,"column":2}},"10":{"start":{"line":33,"column":22},"end":{"line":45,"column":2}},"11":{"start":{"line":34,"column":4},"end":{"line":34,"column":36}},"12":{"start":{"line":35,"column":19},"end":{"line":42,"column":6}},"13":{"start":{"line":43,"column":4},"end":{"line":43,"column":36}},"14":{"start":{"line":47,"column":21},"end":{"line":61,"column":2}},"15":{"start":{"line":48,"column":29},"end":{"line":48,"column":37}},"16":{"start":{"line":50,"column":4},"end":{"line":52,"column":5}},"17":{"start":{"line":51,"column":9},"end":{"line":51,"column":76}},"18":{"start":{"line":54,"column":17},"end":{"line":54,"column":64}},"19":{"start":{"line":55,"column":6},"end":{"line":57,"column":7}},"20":{"start":{"line":56,"column":4},"end":{"line":56,"column":64}},"21":{"start":{"line":59,"column":4},"end":{"line":59,"column":33}},"22":{"start":{"line":62,"column":23},"end":{"line":95,"column":2}},"23":{"start":{"line":66,"column":4},"end":{"line":69,"column":5}},"24":{"start":{"line":68,"column":8},"end":{"line":68,"column":54}},"25":{"start":{"line":70,"column":4},"end":{"line":72,"column":5}},"26":{"start":{"line":71,"column":8},"end":{"line":71,"column":91}},"27":{"start":{"line":76,"column":18},"end":{"line":76,"column":77}},"28":{"start":{"line":80,"column":22},"end":{"line":80,"column":53}},"29":{"start":{"line":81,"column":4},"end":{"line":84,"column":5}},"30":{"start":{"line":83,"column":8},"end":{"line":83,"column":93}},"31":{"start":{"line":86,"column":4},"end":{"line":90,"column":5}},"32":{"start":{"line":87,"column":8},"end":{"line":89,"column":9}},"33":{"start":{"line":92,"column":4},"end":{"line":92,"column":24}},"34":{"start":{"line":94,"column":4},"end":{"line":94,"column":11}},"35":{"start":{"line":96,"column":26},"end":{"line":106,"column":1}},"36":{"start":{"line":97,"column":4},"end":{"line":105,"column":5}},"37":{"start":{"line":98,"column":8},"end":{"line":98,"column":47}},"38":{"start":{"line":99,"column":8},"end":{"line":103,"column":17}},"39":{"start":{"line":100,"column":12},"end":{"line":102,"column":77}},"40":{"start":{"line":104,"column":8},"end":{"line":104,"column":14}},"41":{"start":{"line":107,"column":31},"end":{"line":148,"column":6}},"42":{"start":{"line":109,"column":17},"end":{"line":109,"column":59}},"43":{"start":{"line":110,"column":4},"end":{"line":112,"column":5}},"44":{"start":{"line":111,"column":8},"end":{"line":111,"column":82}},"45":{"start":{"line":114,"column":23},"end":{"line":114,"column":54}},"46":{"start":{"line":115,"column":4},"end":{"line":115,"column":48}},"47":{"start":{"line":117,"column":20},"end":{"line":119,"column":51}},"48":{"start":{"line":120,"column":23},"end":{"line":121,"column":71}},"49":{"start":{"line":125,"column":8},"end":{"line":147,"column":9}},"50":{"start":{"line":128,"column":12},"end":{"line":132,"column":14}},"51":{"start":{"line":133,"column":12},"end":{"line":133,"column":33}},"52":{"start":{"line":134,"column":12},"end":{"line":137,"column":14}},"53":{"start":{"line":142,"column":12},"end":{"line":142,"column":53}},"54":{"start":{"line":143,"column":12},"end":{"line":143,"column":49}},"55":{"start":{"line":144,"column":12},"end":{"line":144,"column":58}},"56":{"start":{"line":146,"column":16},"end":{"line":146,"column":104}},"57":{"start":{"line":150,"column":28},"end":{"line":183,"column":2}},"58":{"start":{"line":153,"column":24},"end":{"line":156,"column":18}},"59":{"start":{"line":157,"column":4},"end":{"line":157,"column":28}},"60":{"start":{"line":159,"column":17},"end":{"line":162,"column":6}},"61":{"start":{"line":164,"column":4},"end":{"line":164,"column":21}},"62":{"start":{"line":166,"column":4},"end":{"line":169,"column":5}},"63":{"start":{"line":167,"column":8},"end":{"line":167,"column":72}},"64":{"start":{"line":171,"column":4},"end":{"line":171,"column":36}},"65":{"start":{"line":172,"column":4},"end":{"line":172,"column":51}},"66":{"start":{"line":173,"column":4},"end":{"line":173,"column":38}},"67":{"start":{"line":174,"column":4},"end":{"line":174,"column":41}},"68":{"start":{"line":175,"column":4},"end":{"line":175,"column":21}},"69":{"start":{"line":181,"column":4},"end":{"line":181,"column":33}},"70":{"start":{"line":184,"column":30},"end":{"line":206,"column":2}},"71":{"start":{"line":185,"column":55},"end":{"line":185,"column":63}},"72":{"start":{"line":187,"column":16},"end":{"line":187,"column":68}},"73":{"start":{"line":188,"column":4},"end":{"line":188,"column":28}},"74":{"start":{"line":190,"column":4},"end":{"line":192,"column":5}},"75":{"start":{"line":191,"column":2},"end":{"line":191,"column":66}},"76":{"start":{"line":196,"column":4},"end":{"line":196,"column":30}},"77":{"start":{"line":197,"column":4},"end":{"line":197,"column":42}},"78":{"start":{"line":198,"column":4},"end":{"line":198,"column":38}},"79":{"start":{"line":200,"column":4},"end":{"line":200,"column":21}},"80":{"start":{"line":205,"column":4},"end":{"line":205,"column":33}}},"fnMap":{"0":{"name":"(anonymous_0)","decl":{"start":{"line":9,"column":18},"end":{"line":9,"column":19}},"loc":{"start":{"line":9,"column":24},"end":{"line":13,"column":1}},"line":9},"1":{"name":"(anonymous_1)","decl":{"start":{"line":14,"column":23},"end":{"line":14,"column":24}},"loc":{"start":{"line":14,"column":49},"end":{"line":30,"column":1}},"line":14},"2":{"name":"(anonymous_2)","decl":{"start":{"line":33,"column":33},"end":{"line":33,"column":34}},"loc":{"start":{"line":33,"column":57},"end":{"line":45,"column":1}},"line":33},"3":{"name":"(anonymous_3)","decl":{"start":{"line":47,"column":32},"end":{"line":47,"column":33}},"loc":{"start":{"line":47,"column":56},"end":{"line":61,"column":1}},"line":47},"4":{"name":"(anonymous_4)","decl":{"start":{"line":62,"column":34},"end":{"line":62,"column":35}},"loc":{"start":{"line":62,"column":59},"end":{"line":95,"column":1}},"line":62},"5":{"name":"(anonymous_5)","decl":{"start":{"line":96,"column":26},"end":{"line":96,"column":27}},"loc":{"start":{"line":96,"column":39},"end":{"line":106,"column":1}},"line":96},"6":{"name":"(anonymous_6)","decl":{"start":{"line":97,"column":11},"end":{"line":97,"column":12}},"loc":{"start":{"line":97,"column":31},"end":{"line":105,"column":5}},"line":97},"7":{"name":"(anonymous_7)","decl":{"start":{"line":107,"column":42},"end":{"line":107,"column":43}},"loc":{"start":{"line":107,"column":69},"end":{"line":148,"column":5}},"line":107},"8":{"name":"(anonymous_8)","decl":{"start":{"line":150,"column":39},"end":{"line":150,"column":40}},"loc":{"start":{"line":150,"column":66},"end":{"line":183,"column":1}},"line":150},"9":{"name":"(anonymous_9)","decl":{"start":{"line":184,"column":41},"end":{"line":184,"column":42}},"loc":{"start":{"line":184,"column":66},"end":{"line":206,"column":1}},"line":184}},"branchMap":{"0":{"loc":{"start":{"line":20,"column":4},"end":{"line":20,"column":70}},"type":"if","locations":[{"start":{"line":20,"column":4},"end":{"line":20,"column":70}},{"start":{},"end":{}}],"line":20},"1":{"loc":{"start":{"line":50,"column":4},"end":{"line":52,"column":5}},"type":"if","locations":[{"start":{"line":50,"column":4},"end":{"line":52,"column":5}},{"start":{},"end":{}}],"line":50},"2":{"loc":{"start":{"line":50,"column":7},"end":{"line":50,"column":24}},"type":"binary-expr","locations":[{"start":{"line":50,"column":7},"end":{"line":50,"column":13}},{"start":{"line":50,"column":15},"end":{"line":50,"column":24}}],"line":50},"3":{"loc":{"start":{"line":55,"column":6},"end":{"line":57,"column":7}},"type":"if","locations":[{"start":{"line":55,"column":6},"end":{"line":57,"column":7}},{"start":{},"end":{}}],"line":55},"4":{"loc":{"start":{"line":55,"column":9},"end":{"line":55,"column":72}},"type":"binary-expr","locations":[{"start":{"line":55,"column":9},"end":{"line":55,"column":14}},{"start":{"line":55,"column":18},"end":{"line":55,"column":72}}],"line":55},"5":{"loc":{"start":{"line":66,"column":4},"end":{"line":69,"column":5}},"type":"if","locations":[{"start":{"line":66,"column":4},"end":{"line":69,"column":5}},{"start":{},"end":{}}],"line":66},"6":{"loc":{"start":{"line":66,"column":7},"end":{"line":66,"column":82}},"type":"binary-expr","locations":[{"start":{"line":66,"column":7},"end":{"line":66,"column":32}},{"start":{"line":66,"column":36},"end":{"line":66,"column":82}}],"line":66},"7":{"loc":{"start":{"line":70,"column":4},"end":{"line":72,"column":5}},"type":"if","locations":[{"start":{"line":70,"column":4},"end":{"line":72,"column":5}},{"start":{},"end":{}}],"line":70},"8":{"loc":{"start":{"line":81,"column":4},"end":{"line":84,"column":5}},"type":"if","locations":[{"start":{"line":81,"column":4},"end":{"line":84,"column":5}},{"start":{},"end":{}}],"line":81},"9":{"loc":{"start":{"line":86,"column":4},"end":{"line":90,"column":5}},"type":"if","locations":[{"start":{"line":86,"column":4},"end":{"line":90,"column":5}},{"start":{},"end":{}}],"line":86},"10":{"loc":{"start":{"line":99,"column":8},"end":{"line":103,"column":17}},"type":"if","locations":[{"start":{"line":99,"column":8},"end":{"line":103,"column":17}},{"start":{},"end":{}}],"line":99},"11":{"loc":{"start":{"line":110,"column":4},"end":{"line":112,"column":5}},"type":"if","locations":[{"start":{"line":110,"column":4},"end":{"line":112,"column":5}},{"start":{},"end":{}}],"line":110},"12":{"loc":{"start":{"line":166,"column":4},"end":{"line":169,"column":5}},"type":"if","locations":[{"start":{"line":166,"column":4},"end":{"line":169,"column":5}},{"start":{},"end":{}}],"line":166},"13":{"loc":{"start":{"line":190,"column":4},"end":{"line":192,"column":5}},"type":"if","locations":[{"start":{"line":190,"column":4},"end":{"line":192,"column":5}},{"start":{},"end":{}}],"line":190}},"s":{"0":1,"1":0,"2":1,"3":0,"4":0,"5":0,"6":0,"7":0,"8":0,"9":0,"10":1,"11":0,"12":0,"13":0,"14":1,"15":0,"16":0,"17":0,"18":0,"19":0,"20":0,"21":0,"22":1,"23":1,"24":1,"25":1,"26":0,"27":1,"28":1,"29":1,"30":0,"31":1,"32":0,"33":1,"34":1,"35":1,"36":6,"37":1,"38":1,"39":1,"40":0,"41":1,"42":0,"43":0,"44":0,"45":0,"46":0,"47":0,"48":0,"49":0,"50":0,"51":0,"52":0,"53":0,"54":0,"55":0,"56":0,"57":1,"58":0,"59":0,"60":0,"61":0,"62":0,"63":0,"64":0,"65":0,"66":0,"67":0,"68":0,"69":0,"70":1,"71":0,"72":0,"73":0,"74":0,"75":0,"76":0,"77":0,"78":0,"79":0,"80":0},"f":{"0":0,"1":0,"2":0,"3":0,"4":1,"5":6,"6":1,"7":0,"8":0,"9":0},"b":{"0":[0,0],"1":[0,0],"2":[0,0],"3":[0,0],"4":[0,0],"5":[1,0],"6":[1,1],"7":[0,1],"8":[0,1],"9":[0,1],"10":[1,0],"11":[0,0],"12":[0,0],"13":[0,0]},"_coverageSchema":"1a1c01bbd47fc00a2c39e90264f33305004495a9","hash":"0be7c9f552e61291fa3bf0ba6d2545fcd39ab7d9"}
,"D:\\Andela-stuff\\Mybrand\\my-brand-backend\\src\\users\\controllers\\user.controllers.js": {"path":"D:\\Andela-stuff\\Mybrand\\my-brand-backend\\src\\users\\controllers\\user.controllers.js","statementMap":{"0":{"start":{"line":2,"column":17},"end":{"line":2,"column":72}},"1":{"start":{"line":2,"column":31},"end":{"line":2,"column":72}},"2":{"start":{"line":3,"column":17},"end":{"line":14,"column":1}},"3":{"start":{"line":4,"column":2},"end":{"line":4,"column":22}},"4":{"start":{"line":5,"column":20},"end":{"line":5,"column":40}},"5":{"start":{"line":6,"column":2},"end":{"line":6,"column":33}},"6":{"start":{"line":7,"column":2},"end":{"line":13,"column":5}},"7":{"start":{"line":16,"column":16},"end":{"line":29,"column":1}},"8":{"start":{"line":17,"column":20},"end":{"line":17,"column":22}},"9":{"start":{"line":18,"column":2},"end":{"line":18,"column":35}},"10":{"start":{"line":19,"column":2},"end":{"line":19,"column":37}},"11":{"start":{"line":20,"column":2},"end":{"line":20,"column":37}},"12":{"start":{"line":21,"column":2},"end":{"line":21,"column":43}},"13":{"start":{"line":22,"column":2},"end":{"line":22,"column":57}},"14":{"start":{"line":23,"column":2},"end":{"line":23,"column":51}},"15":{"start":{"line":24,"column":21},"end":{"line":24,"column":52}},"16":{"start":{"line":25,"column":2},"end":{"line":28,"column":5}},"17":{"start":{"line":31,"column":16},"end":{"line":42,"column":1}},"18":{"start":{"line":32,"column":16},"end":{"line":32,"column":51}},"19":{"start":{"line":33,"column":2},"end":{"line":35,"column":3}},"20":{"start":{"line":34,"column":4},"end":{"line":34,"column":68}},"21":{"start":{"line":36,"column":2},"end":{"line":41,"column":5}},"22":{"start":{"line":45,"column":18},"end":{"line":51,"column":1}},"23":{"start":{"line":46,"column":17},"end":{"line":46,"column":19}},"24":{"start":{"line":47,"column":2},"end":{"line":49,"column":5}},"25":{"start":{"line":48,"column":4},"end":{"line":48,"column":57}},"26":{"start":{"line":48,"column":36},"end":{"line":48,"column":57}},"27":{"start":{"line":50,"column":2},"end":{"line":50,"column":16}},"28":{"start":{"line":54,"column":19},"end":{"line":70,"column":1}},"29":{"start":{"line":55,"column":12},"end":{"line":55,"column":34}},"30":{"start":{"line":56,"column":21},"end":{"line":56,"column":57}},"31":{"start":{"line":57,"column":19},"end":{"line":60,"column":4}},"32":{"start":{"line":61,"column":2},"end":{"line":63,"column":3}},"33":{"start":{"line":62,"column":4},"end":{"line":62,"column":70}},"34":{"start":{"line":64,"column":2},"end":{"line":69,"column":5}},"35":{"start":{"line":72,"column":19},"end":{"line":82,"column":1}},"36":{"start":{"line":73,"column":14},"end":{"line":73,"column":36}},"37":{"start":{"line":74,"column":22},"end":{"line":74,"column":58}},"38":{"start":{"line":75,"column":2},"end":{"line":77,"column":3}},"39":{"start":{"line":76,"column":4},"end":{"line":76,"column":70}},"40":{"start":{"line":78,"column":2},"end":{"line":81,"column":5}}},"fnMap":{"0":{"name":"(anonymous_0)","decl":{"start":{"line":2,"column":17},"end":{"line":2,"column":18}},"loc":{"start":{"line":2,"column":31},"end":{"line":2,"column":72}},"line":2},"1":{"name":"(anonymous_1)","decl":{"start":{"line":3,"column":17},"end":{"line":3,"column":18}},"loc":{"start":{"line":3,"column":43},"end":{"line":14,"column":1}},"line":3},"2":{"name":"(anonymous_2)","decl":{"start":{"line":16,"column":16},"end":{"line":16,"column":17}},"loc":{"start":{"line":16,"column":42},"end":{"line":29,"column":1}},"line":16},"3":{"name":"(anonymous_3)","decl":{"start":{"line":31,"column":16},"end":{"line":31,"column":17}},"loc":{"start":{"line":31,"column":42},"end":{"line":42,"column":1}},"line":31},"4":{"name":"(anonymous_4)","decl":{"start":{"line":45,"column":18},"end":{"line":45,"column":19}},"loc":{"start":{"line":45,"column":45},"end":{"line":51,"column":1}},"line":45},"5":{"name":"(anonymous_5)","decl":{"start":{"line":47,"column":27},"end":{"line":47,"column":28}},"loc":{"start":{"line":47,"column":35},"end":{"line":49,"column":3}},"line":47},"6":{"name":"(anonymous_6)","decl":{"start":{"line":54,"column":19},"end":{"line":54,"column":20}},"loc":{"start":{"line":54,"column":45},"end":{"line":70,"column":1}},"line":54},"7":{"name":"(anonymous_7)","decl":{"start":{"line":72,"column":19},"end":{"line":72,"column":20}},"loc":{"start":{"line":72,"column":45},"end":{"line":82,"column":1}},"line":72}},"branchMap":{"0":{"loc":{"start":{"line":33,"column":2},"end":{"line":35,"column":3}},"type":"if","locations":[{"start":{"line":33,"column":2},"end":{"line":35,"column":3}},{"start":{},"end":{}}],"line":33},"1":{"loc":{"start":{"line":48,"column":4},"end":{"line":48,"column":57}},"type":"if","locations":[{"start":{"line":48,"column":4},"end":{"line":48,"column":57}},{"start":{},"end":{}}],"line":48},"2":{"loc":{"start":{"line":61,"column":2},"end":{"line":63,"column":3}},"type":"if","locations":[{"start":{"line":61,"column":2},"end":{"line":63,"column":3}},{"start":{},"end":{}}],"line":61},"3":{"loc":{"start":{"line":75,"column":2},"end":{"line":77,"column":3}},"type":"if","locations":[{"start":{"line":75,"column":2},"end":{"line":77,"column":3}},{"start":{},"end":{}}],"line":75}},"s":{"0":1,"1":0,"2":1,"3":0,"4":0,"5":0,"6":0,"7":1,"8":1,"9":1,"10":1,"11":1,"12":1,"13":1,"14":1,"15":1,"16":0,"17":1,"18":0,"19":0,"20":0,"21":0,"22":1,"23":0,"24":0,"25":0,"26":0,"27":0,"28":1,"29":0,"30":0,"31":0,"32":0,"33":0,"34":0,"35":1,"36":0,"37":0,"38":0,"39":0,"40":0},"f":{"0":0,"1":0,"2":1,"3":0,"4":0,"5":0,"6":0,"7":0},"b":{"0":[0,0],"1":[0,0],"2":[0,0],"3":[0,0]},"_coverageSchema":"1a1c01bbd47fc00a2c39e90264f33305004495a9","hash":"445ebb6850851f8546f7ceb05a33e0e6c8cbd074"}
,"D:\\Andela-stuff\\Mybrand\\my-brand-backend\\src\\users\\middlewares\\appError.js": {"path":"D:\\Andela-stuff\\Mybrand\\my-brand-backend\\src\\users\\middlewares\\appError.js","statementMap":{"0":{"start":{"line":3,"column":4},"end":{"line":3,"column":18}},"1":{"start":{"line":5,"column":4},"end":{"line":5,"column":32}},"2":{"start":{"line":6,"column":4},"end":{"line":6,"column":66}},"3":{"start":{"line":7,"column":4},"end":{"line":7,"column":29}},"4":{"start":{"line":8,"column":4},"end":{"line":8,"column":51}}},"fnMap":{"0":{"name":"(anonymous_0)","decl":{"start":{"line":2,"column":4},"end":{"line":2,"column":5}},"loc":{"start":{"line":2,"column":36},"end":{"line":9,"column":5}},"line":2}},"branchMap":{"0":{"loc":{"start":{"line":6,"column":17},"end":{"line":6,"column":65}},"type":"cond-expr","locations":[{"start":{"line":6,"column":50},"end":{"line":6,"column":56}},{"start":{"line":6,"column":58},"end":{"line":6,"column":65}}],"line":6}},"s":{"0":0,"1":0,"2":0,"3":0,"4":0},"f":{"0":0},"b":{"0":[0,0]},"_coverageSchema":"1a1c01bbd47fc00a2c39e90264f33305004495a9","hash":"d0d791be2d19895956f77f475759706ac1fcadfc"}
,"D:\\Andela-stuff\\Mybrand\\my-brand-backend\\src\\users\\middlewares\\catchAsync.js": {"path":"D:\\Andela-stuff\\Mybrand\\my-brand-backend\\src\\users\\middlewares\\catchAsync.js","statementMap":{"0":{"start":{"line":1,"column":19},"end":{"line":4,"column":2}},"1":{"start":{"line":2,"column":4},"end":{"line":4,"column":1}},"2":{"start":{"line":3,"column":4},"end":{"line":3,"column":46}},"3":{"start":{"line":3,"column":36},"end":{"line":3,"column":45}}},"fnMap":{"0":{"name":"(anonymous_0)","decl":{"start":{"line":1,"column":19},"end":{"line":1,"column":20}},"loc":{"start":{"line":1,"column":25},"end":{"line":4,"column":2}},"line":1},"1":{"name":"(anonymous_1)","decl":{"start":{"line":2,"column":10},"end":{"line":2,"column":11}},"loc":{"start":{"line":2,"column":26},"end":{"line":4,"column":1}},"line":2},"2":{"name":"(anonymous_2)","decl":{"start":{"line":3,"column":29},"end":{"line":3,"column":30}},"loc":{"start":{"line":3,"column":36},"end":{"line":3,"column":45}},"line":3}},"branchMap":{},"s":{"0":1,"1":6,"2":1,"3":0},"f":{"0":6,"1":1,"2":0},"b":{},"_coverageSchema":"1a1c01bbd47fc00a2c39e90264f33305004495a9","hash":"393d620d9f7e74c9b67d36d5a2770f0cacabfe5d"}
,"D:\\Andela-stuff\\Mybrand\\my-brand-backend\\src\\users\\middlewares\\email.js": {"path":"D:\\Andela-stuff\\Mybrand\\my-brand-backend\\src\\users\\middlewares\\email.js","statementMap":{"0":{"start":{"line":4,"column":25},"end":{"line":30,"column":1}},"1":{"start":{"line":5,"column":23},"end":{"line":13,"column":10}},"2":{"start":{"line":15,"column":8},"end":{"line":15,"column":44}},"3":{"start":{"line":18,"column":24},"end":{"line":24,"column":5}},"4":{"start":{"line":28,"column":4},"end":{"line":28,"column":43}}},"fnMap":{"0":{"name":"(anonymous_0)","decl":{"start":{"line":4,"column":25},"end":{"line":4,"column":26}},"loc":{"start":{"line":4,"column":42},"end":{"line":30,"column":1}},"line":4}},"branchMap":{},"s":{"0":1,"1":0,"2":0,"3":0,"4":0},"f":{"0":0},"b":{},"_coverageSchema":"1a1c01bbd47fc00a2c39e90264f33305004495a9","hash":"9c3db3f30dba04f925387d0c1c07a848f18047d3"}
,"D:\\Andela-stuff\\Mybrand\\my-brand-backend\\src\\users\\middlewares\\user.middlewares.js": {"path":"D:\\Andela-stuff\\Mybrand\\my-brand-backend\\src\\users\\middlewares\\user.middlewares.js","statementMap":{"0":{"start":{"line":2,"column":24},"end":{"line":10,"column":1}},"1":{"start":{"line":3,"column":15},"end":{"line":3,"column":35}},"2":{"start":{"line":4,"column":22},"end":{"line":4,"column":30}},"3":{"start":{"line":5,"column":2},"end":{"line":5,"column":55}},"4":{"start":{"line":5,"column":13},"end":{"line":5,"column":55}},"5":{"start":{"line":6,"column":2},"end":{"line":6,"column":53}},"6":{"start":{"line":6,"column":12},"end":{"line":6,"column":53}},"7":{"start":{"line":7,"column":2},"end":{"line":8,"column":61}},"8":{"start":{"line":7,"column":22},"end":{"line":7,"column":38}},"9":{"start":{"line":8,"column":7},"end":{"line":8,"column":61}},"10":{"start":{"line":9,"column":2},"end":{"line":9,"column":9}}},"fnMap":{"0":{"name":"(anonymous_0)","decl":{"start":{"line":2,"column":24},"end":{"line":2,"column":25}},"loc":{"start":{"line":2,"column":50},"end":{"line":10,"column":1}},"line":2},"1":{"name":"(anonymous_1)","decl":{"start":{"line":7,"column":15},"end":{"line":7,"column":16}},"loc":{"start":{"line":7,"column":22},"end":{"line":7,"column":38}},"line":7}},"branchMap":{"0":{"loc":{"start":{"line":5,"column":2},"end":{"line":5,"column":55}},"type":"if","locations":[{"start":{"line":5,"column":2},"end":{"line":5,"column":55}},{"start":{},"end":{}}],"line":5},"1":{"loc":{"start":{"line":6,"column":2},"end":{"line":6,"column":53}},"type":"if","locations":[{"start":{"line":6,"column":2},"end":{"line":6,"column":53}},{"start":{},"end":{}}],"line":6},"2":{"loc":{"start":{"line":7,"column":2},"end":{"line":8,"column":61}},"type":"if","locations":[{"start":{"line":7,"column":2},"end":{"line":8,"column":61}},{"start":{},"end":{}}],"line":7}},"s":{"0":1,"1":1,"2":1,"3":1,"4":0,"5":1,"6":0,"7":1,"8":107,"9":1,"10":1},"f":{"0":1,"1":107},"b":{"0":[0,1],"1":[0,1],"2":[1,0]},"_coverageSchema":"1a1c01bbd47fc00a2c39e90264f33305004495a9","hash":"4e08c864c184aac2e676f99bd4255472b969fb32"}
,"D:\\Andela-stuff\\Mybrand\\my-brand-backend\\src\\users\\models\\user.models.js": {"path":"D:\\Andela-stuff\\Mybrand\\my-brand-backend\\src\\users\\models\\user.models.js","statementMap":{"0":{"start":{"line":5,"column":23},"end":{"line":51,"column":2}},"1":{"start":{"line":42,"column":16},"end":{"line":42,"column":43}},"2":{"start":{"line":54,"column":0},"end":{"line":63,"column":2}},"3":{"start":{"line":56,"column":4},"end":{"line":56,"column":51}},"4":{"start":{"line":56,"column":37},"end":{"line":56,"column":51}},"5":{"start":{"line":58,"column":4},"end":{"line":58,"column":55}},"6":{"start":{"line":60,"column":4},"end":{"line":60,"column":35}},"7":{"start":{"line":61,"column":4},"end":{"line":61,"column":10}},"8":{"start":{"line":64,"column":0},"end":{"line":69,"column":2}},"9":{"start":{"line":67,"column":4},"end":{"line":67,"column":36}},"10":{"start":{"line":68,"column":4},"end":{"line":68,"column":10}},"11":{"start":{"line":71,"column":0},"end":{"line":75,"column":1}},"12":{"start":{"line":73,"column":4},"end":{"line":73,"column":63}},"13":{"start":{"line":76,"column":0},"end":{"line":86,"column":1}},"14":{"start":{"line":77,"column":4},"end":{"line":83,"column":5}},"15":{"start":{"line":78,"column":32},"end":{"line":80,"column":9}},"16":{"start":{"line":82,"column":8},"end":{"line":82,"column":44}},"17":{"start":{"line":84,"column":4},"end":{"line":84,"column":16}},"18":{"start":{"line":87,"column":0},"end":{"line":97,"column":1}},"19":{"start":{"line":88,"column":20},"end":{"line":88,"column":58}},"20":{"start":{"line":89,"column":1},"end":{"line":92,"column":15}},"21":{"start":{"line":94,"column":1},"end":{"line":94,"column":50}},"22":{"start":{"line":96,"column":1},"end":{"line":96,"column":18}},"23":{"start":{"line":98,"column":14},"end":{"line":98,"column":49}}},"fnMap":{"0":{"name":"(anonymous_0)","decl":{"start":{"line":41,"column":23},"end":{"line":41,"column":24}},"loc":{"start":{"line":41,"column":35},"end":{"line":43,"column":13}},"line":41},"1":{"name":"(anonymous_1)","decl":{"start":{"line":54,"column":22},"end":{"line":54,"column":23}},"loc":{"start":{"line":54,"column":42},"end":{"line":63,"column":1}},"line":54},"2":{"name":"(anonymous_2)","decl":{"start":{"line":64,"column":24},"end":{"line":64,"column":25}},"loc":{"start":{"line":64,"column":38},"end":{"line":69,"column":1}},"line":64},"3":{"name":"(anonymous_3)","decl":{"start":{"line":71,"column":37},"end":{"line":71,"column":38}},"loc":{"start":{"line":71,"column":84},"end":{"line":75,"column":1}},"line":71},"4":{"name":"(anonymous_4)","decl":{"start":{"line":76,"column":41},"end":{"line":76,"column":42}},"loc":{"start":{"line":76,"column":63},"end":{"line":86,"column":1}},"line":76},"5":{"name":"(anonymous_5)","decl":{"start":{"line":87,"column":46},"end":{"line":87,"column":47}},"loc":{"start":{"line":87,"column":58},"end":{"line":97,"column":1}},"line":87}},"branchMap":{"0":{"loc":{"start":{"line":56,"column":4},"end":{"line":56,"column":51}},"type":"if","locations":[{"start":{"line":56,"column":4},"end":{"line":56,"column":51}},{"start":{},"end":{}}],"line":56},"1":{"loc":{"start":{"line":77,"column":4},"end":{"line":83,"column":5}},"type":"if","locations":[{"start":{"line":77,"column":4},"end":{"line":83,"column":5}},{"start":{},"end":{}}],"line":77}},"s":{"0":1,"1":1,"2":1,"3":1,"4":0,"5":1,"6":1,"7":1,"8":1,"9":2,"10":2,"11":1,"12":0,"13":1,"14":1,"15":0,"16":0,"17":1,"18":1,"19":0,"20":0,"21":0,"22":0,"23":1},"f":{"0":1,"1":1,"2":2,"3":0,"4":1,"5":0},"b":{"0":[0,1],"1":[0,1]},"_coverageSchema":"1a1c01bbd47fc00a2c39e90264f33305004495a9","hash":"6c19d5ce5f9a74d6a43d28dbec35295dfe505c73"}
,"D:\\Andela-stuff\\Mybrand\\my-brand-backend\\src\\users\\routers\\user.route.js": {"path":"D:\\Andela-stuff\\Mybrand\\my-brand-backend\\src\\users\\routers\\user.route.js","statementMap":{"0":{"start":{"line":6,"column":15},"end":{"line":6,"column":31}},"1":{"start":{"line":7,"column":0},"end":{"line":7,"column":43}},"2":{"start":{"line":8,"column":0},"end":{"line":8,"column":45}},"3":{"start":{"line":10,"column":0},"end":{"line":10,"column":26}},"4":{"start":{"line":12,"column":0},"end":{"line":12,"column":31}},"5":{"start":{"line":14,"column":0},"end":{"line":14,"column":39}},"6":{"start":{"line":16,"column":0},"end":{"line":16,"column":34}},"7":{"start":{"line":18,"column":0},"end":{"line":18,"column":39}},"8":{"start":{"line":20,"column":0},"end":{"line":20,"column":40}}},"fnMap":{},"branchMap":{},"s":{"0":1,"1":1,"2":1,"3":1,"4":1,"5":1,"6":1,"7":1,"8":1},"f":{},"b":{},"_coverageSchema":"1a1c01bbd47fc00a2c39e90264f33305004495a9","hash":"b683ced6d3b18fe359d4b368d82360d4e56c15ea"}
,"D:\\Andela-stuff\\Mybrand\\my-brand-backend\\src\\utils\\ErrorController.js": {"path":"D:\\Andela-stuff\\Mybrand\\my-brand-backend\\src\\utils\\ErrorController.js","statementMap":{"0":{"start":{"line":3,"column":32},"end":{"line":11,"column":1}},"1":{"start":{"line":5,"column":19},"end":{"line":5,"column":66}},"2":{"start":{"line":5,"column":55},"end":{"line":5,"column":65}},"3":{"start":{"line":8,"column":19},"end":{"line":8,"column":54}},"4":{"start":{"line":10,"column":4},"end":{"line":10,"column":37}},"5":{"start":{"line":12,"column":32},"end":{"line":17,"column":1}},"6":{"start":{"line":13,"column":18},"end":{"line":13,"column":36}},"7":{"start":{"line":14,"column":19},"end":{"line":14,"column":78}},"8":{"start":{"line":16,"column":4},"end":{"line":16,"column":37}},"9":{"start":{"line":18,"column":26},"end":{"line":22,"column":1}},"10":{"start":{"line":20,"column":20},"end":{"line":20,"column":55}},"11":{"start":{"line":21,"column":4},"end":{"line":21,"column":37}},"12":{"start":{"line":25,"column":24},"end":{"line":33,"column":1}},"13":{"start":{"line":27,"column":4},"end":{"line":32,"column":6}},"14":{"start":{"line":34,"column":25},"end":{"line":51,"column":3}},"15":{"start":{"line":35,"column":4},"end":{"line":50,"column":5}},"16":{"start":{"line":36,"column":8},"end":{"line":39,"column":10}},"17":{"start":{"line":43,"column":8},"end":{"line":43,"column":38}},"18":{"start":{"line":45,"column":8},"end":{"line":49,"column":10}},"19":{"start":{"line":53,"column":36},"end":{"line":73,"column":1}},"20":{"start":{"line":54,"column":4},"end":{"line":54,"column":43}},"21":{"start":{"line":55,"column":4},"end":{"line":55,"column":38}},"22":{"start":{"line":57,"column":24},"end":{"line":57,"column":44}},"23":{"start":{"line":58,"column":8},"end":{"line":58,"column":32}},"24":{"start":{"line":59,"column":4},"end":{"line":72,"column":5}},"25":{"start":{"line":60,"column":8},"end":{"line":60,"column":32}},"26":{"start":{"line":61,"column":8},"end":{"line":61,"column":33}},"27":{"start":{"line":64,"column":9},"end":{"line":72,"column":5}},"28":{"start":{"line":65,"column":8},"end":{"line":65,"column":32}},"29":{"start":{"line":66,"column":20},"end":{"line":66,"column":23}},"30":{"start":{"line":67,"column":9},"end":{"line":67,"column":69}},"31":{"start":{"line":67,"column":37},"end":{"line":67,"column":69}},"32":{"start":{"line":68,"column":9},"end":{"line":68,"column":70}},"33":{"start":{"line":68,"column":32},"end":{"line":68,"column":70}},"34":{"start":{"line":69,"column":9},"end":{"line":69,"column":82}},"35":{"start":{"line":69,"column":44},"end":{"line":69,"column":82}},"36":{"start":{"line":71,"column":8},"end":{"line":71,"column":35}}},"fnMap":{"0":{"name":"(anonymous_0)","decl":{"start":{"line":3,"column":32},"end":{"line":3,"column":33}},"loc":{"start":{"line":3,"column":39},"end":{"line":11,"column":1}},"line":3},"1":{"name":"(anonymous_1)","decl":{"start":{"line":5,"column":49},"end":{"line":5,"column":50}},"loc":{"start":{"line":5,"column":55},"end":{"line":5,"column":65}},"line":5},"2":{"name":"(anonymous_2)","decl":{"start":{"line":12,"column":32},"end":{"line":12,"column":33}},"loc":{"start":{"line":12,"column":39},"end":{"line":17,"column":1}},"line":12},"3":{"name":"(anonymous_3)","decl":{"start":{"line":18,"column":26},"end":{"line":18,"column":27}},"loc":{"start":{"line":18,"column":33},"end":{"line":22,"column":1}},"line":18},"4":{"name":"(anonymous_4)","decl":{"start":{"line":25,"column":24},"end":{"line":25,"column":25}},"loc":{"start":{"line":25,"column":37},"end":{"line":33,"column":1}},"line":25},"5":{"name":"(anonymous_5)","decl":{"start":{"line":34,"column":25},"end":{"line":34,"column":26}},"loc":{"start":{"line":34,"column":38},"end":{"line":51,"column":3}},"line":34},"6":{"name":"(anonymous_6)","decl":{"start":{"line":53,"column":36},"end":{"line":53,"column":37}},"loc":{"start":{"line":53,"column":58},"end":{"line":73,"column":1}},"line":53}},"branchMap":{"0":{"loc":{"start":{"line":35,"column":4},"end":{"line":50,"column":5}},"type":"if","locations":[{"start":{"line":35,"column":4},"end":{"line":50,"column":5}},{"start":{"line":41,"column":9},"end":{"line":50,"column":5}}],"line":35},"1":{"loc":{"start":{"line":54,"column":21},"end":{"line":54,"column":42}},"type":"binary-expr","locations":[{"start":{"line":54,"column":21},"end":{"line":54,"column":35}},{"start":{"line":54,"column":39},"end":{"line":54,"column":42}}],"line":54},"2":{"loc":{"start":{"line":55,"column":17},"end":{"line":55,"column":38}},"type":"binary-expr","locations":[{"start":{"line":55,"column":17},"end":{"line":55,"column":27}},{"start":{"line":55,"column":31},"end":{"line":55,"column":38}}],"line":55},"3":{"loc":{"start":{"line":59,"column":4},"end":{"line":72,"column":5}},"type":"if","locations":[{"start":{"line":59,"column":4},"end":{"line":72,"column":5}},{"start":{"line":64,"column":9},"end":{"line":72,"column":5}}],"line":59},"4":{"loc":{"start":{"line":64,"column":9},"end":{"line":72,"column":5}},"type":"if","locations":[{"start":{"line":64,"column":9},"end":{"line":72,"column":5}},{"start":{},"end":{}}],"line":64},"5":{"loc":{"start":{"line":67,"column":9},"end":{"line":67,"column":69}},"type":"if","locations":[{"start":{"line":67,"column":9},"end":{"line":67,"column":69}},{"start":{},"end":{}}],"line":67},"6":{"loc":{"start":{"line":68,"column":9},"end":{"line":68,"column":70}},"type":"if","locations":[{"start":{"line":68,"column":9},"end":{"line":68,"column":70}},{"start":{},"end":{}}],"line":68},"7":{"loc":{"start":{"line":69,"column":9},"end":{"line":69,"column":82}},"type":"if","locations":[{"start":{"line":69,"column":9},"end":{"line":69,"column":82}},{"start":{},"end":{}}],"line":69}},"s":{"0":1,"1":0,"2":0,"3":0,"4":0,"5":1,"6":0,"7":0,"8":0,"9":1,"10":0,"11":0,"12":1,"13":0,"14":1,"15":0,"16":0,"17":0,"18":0,"19":1,"20":0,"21":0,"22":0,"23":0,"24":0,"25":0,"26":0,"27":0,"28":0,"29":0,"30":0,"31":0,"32":0,"33":0,"34":0,"35":0,"36":0},"f":{"0":0,"1":0,"2":0,"3":0,"4":0,"5":0,"6":0},"b":{"0":[0,0],"1":[0,0],"2":[0,0],"3":[0,0],"4":[0,0],"5":[0,0],"6":[0,0],"7":[0,0]},"_coverageSchema":"1a1c01bbd47fc00a2c39e90264f33305004495a9","hash":"f1fba0b7ba0cc01552283e675e3fda36b66623fd"}
,"D:\\Andela-stuff\\Mybrand\\my-brand-backend\\src\\utils\\appError.js": {"path":"D:\\Andela-stuff\\Mybrand\\my-brand-backend\\src\\utils\\appError.js","statementMap":{"0":{"start":{"line":3,"column":4},"end":{"line":3,"column":18}},"1":{"start":{"line":4,"column":4},"end":{"line":4,"column":35}},"2":{"start":{"line":5,"column":4},"end":{"line":5,"column":32}},"3":{"start":{"line":6,"column":4},"end":{"line":6,"column":66}},"4":{"start":{"line":7,"column":4},"end":{"line":7,"column":29}},"5":{"start":{"line":8,"column":4},"end":{"line":8,"column":51}}},"fnMap":{"0":{"name":"(anonymous_0)","decl":{"start":{"line":2,"column":4},"end":{"line":2,"column":5}},"loc":{"start":{"line":2,"column":36},"end":{"line":9,"column":5}},"line":2}},"branchMap":{"0":{"loc":{"start":{"line":6,"column":17},"end":{"line":6,"column":65}},"type":"cond-expr","locations":[{"start":{"line":6,"column":50},"end":{"line":6,"column":56}},{"start":{"line":6,"column":58},"end":{"line":6,"column":65}}],"line":6}},"s":{"0":0,"1":0,"2":0,"3":0,"4":0,"5":0},"f":{"0":0},"b":{"0":[0,0]},"_coverageSchema":"1a1c01bbd47fc00a2c39e90264f33305004495a9","hash":"7d27edac5c562c896bda3666442f5c8af0bfe93c"}
,"D:\\Andela-stuff\\Mybrand\\my-brand-backend\\src\\utils\\catchAsync.js": {"path":"D:\\Andela-stuff\\Mybrand\\my-brand-backend\\src\\utils\\catchAsync.js","statementMap":{"0":{"start":{"line":1,"column":19},"end":{"line":4,"column":2}},"1":{"start":{"line":2,"column":4},"end":{"line":4,"column":1}},"2":{"start":{"line":3,"column":4},"end":{"line":3,"column":46}},"3":{"start":{"line":3,"column":36},"end":{"line":3,"column":45}}},"fnMap":{"0":{"name":"(anonymous_0)","decl":{"start":{"line":1,"column":19},"end":{"line":1,"column":20}},"loc":{"start":{"line":1,"column":25},"end":{"line":4,"column":2}},"line":1},"1":{"name":"(anonymous_1)","decl":{"start":{"line":2,"column":10},"end":{"line":2,"column":11}},"loc":{"start":{"line":2,"column":26},"end":{"line":4,"column":1}},"line":2},"2":{"name":"(anonymous_2)","decl":{"start":{"line":3,"column":29},"end":{"line":3,"column":30}},"loc":{"start":{"line":3,"column":36},"end":{"line":3,"column":45}},"line":3}},"branchMap":{},"s":{"0":1,"1":6,"2":0,"3":0},"f":{"0":6,"1":0,"2":0},"b":{},"_coverageSchema":"1a1c01bbd47fc00a2c39e90264f33305004495a9","hash":"b62f917233e9cbef74a0918dd064a161c667c56b"}
}
