TN:
SF:src\index.js
FN:11,(anonymous_0)
FN:27,(anonymous_1)
FN:36,(anonymous_2)
FN:37,(anonymous_3)
FN:40,(anonymous_4)
FNF:5
FNH:1
FNDA:0,(anonymous_0)
FNDA:0,(anonymous_1)
FNDA:1,(anonymous_2)
FNDA:0,(anonymous_3)
FNDA:0,(anonymous_4)
DA:11,1
DA:12,0
DA:13,0
DA:14,0
DA:16,1
DA:18,1
DA:19,1
DA:21,1
DA:27,0
DA:28,1
DA:29,1
DA:30,1
DA:31,1
DA:32,1
DA:33,1
DA:34,1
DA:35,1
DA:36,1
DA:37,1
DA:38,0
DA:39,0
DA:40,0
LF:22
LH:15
BRF:0
BRH:0
end_of_record
TN:
SF:src\blogs\controllers\blog.controllers.js
FN:5,(anonymous_0)
FN:7,(anonymous_1)
FN:18,(anonymous_2)
FN:34,(anonymous_3)
FN:50,(anonymous_4)
FN:52,(anonymous_5)
FN:59,(anonymous_6)
FN:77,(anonymous_7)
FNF:8
FNH:0
FNDA:0,(anonymous_0)
FNDA:0,(anonymous_1)
FNDA:0,(anonymous_2)
FNDA:0,(anonymous_3)
FNDA:0,(anonymous_4)
FNDA:0,(anonymous_5)
FNDA:0,(anonymous_6)
FNDA:0,(anonymous_7)
DA:5,1
DA:7,1
DA:8,0
DA:9,0
DA:18,1
DA:19,0
DA:21,0
DA:22,0
DA:23,0
DA:24,0
DA:25,0
DA:26,0
DA:27,0
DA:28,0
DA:34,1
DA:35,0
DA:36,0
DA:37,0
DA:38,0
DA:40,0
DA:50,1
DA:51,0
DA:52,0
DA:53,0
DA:55,0
DA:59,1
DA:60,0
DA:61,0
DA:62,0
DA:66,0
DA:67,0
DA:69,0
DA:77,1
DA:78,0
DA:79,0
DA:80,0
DA:81,0
DA:82,0
DA:84,0
LF:39
LH:7
BRDA:37,0,0,0
BRDA:37,0,1,0
BRDA:53,1,0,0
BRDA:53,1,1,0
BRDA:66,2,0,0
BRDA:66,2,1,0
BRDA:81,3,0,0
BRDA:81,3,1,0
BRF:8
BRH:0
end_of_record
TN:
SF:src\blogs\models\blog.models.js
FNF:0
FNH:0
DA:3,1
DA:33,1
LF:2
LH:2
BRF:0
BRH:0
end_of_record
TN:
SF:src\blogs\routers\blog.route.js
FNF:0
FNH:0
DA:32,1
DA:34,1
DA:36,1
DA:38,1
DA:40,1
DA:42,1
DA:44,1
DA:46,1
LF:8
LH:8
BRF:0
BRH:0
end_of_record
TN:
SF:src\comments\controllers\comment.controllers.js
FN:2,(anonymous_0)
FN:3,(anonymous_1)
FN:19,(anonymous_2)
FN:31,(anonymous_3)
FN:44,(anonymous_4)
FN:52,(anonymous_5)
FNF:6
FNH:0
FNDA:0,(anonymous_0)
FNDA:0,(anonymous_1)
FNDA:0,(anonymous_2)
FNDA:0,(anonymous_3)
FNDA:0,(anonymous_4)
FNDA:0,(anonymous_5)
DA:2,1
DA:3,1
DA:4,0
DA:5,0
DA:6,0
DA:7,0
DA:8,0
DA:9,0
DA:10,0
DA:19,1
DA:20,0
DA:21,0
DA:22,0
DA:31,1
DA:33,0
DA:34,0
DA:35,0
DA:44,1
DA:45,0
DA:46,0
DA:52,1
DA:53,0
DA:57,0
LF:23
LH:6
BRF:0
BRH:0
end_of_record
TN:
SF:src\comments\models\comment.models.js
FNF:0
FNH:0
DA:2,1
DA:27,1
LF:2
LH:2
BRF:0
BRH:0
end_of_record
TN:
SF:src\comments\routers\comment.route.js
FNF:0
FNH:0
DA:5,1
DA:7,1
DA:9,1
DA:11,1
DA:13,1
DA:15,1
DA:17,1
LF:7
LH:7
BRF:0
BRH:0
end_of_record
TN:
SF:src\messages\controllers\message.controllers.js
FN:4,(anonymous_0)
FN:6,(anonymous_1)
FN:17,(anonymous_2)
FN:32,(anonymous_3)
FN:46,(anonymous_4)
FN:48,(anonymous_5)
FN:55,(anonymous_6)
FN:73,(anonymous_7)
FNF:8
FNH:0
FNDA:0,(anonymous_0)
FNDA:0,(anonymous_1)
FNDA:0,(anonymous_2)
FNDA:0,(anonymous_3)
FNDA:0,(anonymous_4)
FNDA:0,(anonymous_5)
FNDA:0,(anonymous_6)
FNDA:0,(anonymous_7)
DA:4,1
DA:6,1
DA:7,0
DA:8,0
DA:17,1
DA:18,0
DA:19,0
DA:20,0
DA:21,0
DA:22,0
DA:23,0
DA:24,0
DA:25,0
DA:26,0
DA:32,1
DA:33,0
DA:34,0
DA:35,0
DA:37,0
DA:46,1
DA:47,0
DA:48,0
DA:49,0
DA:51,0
DA:55,1
DA:56,0
DA:57,0
DA:58,0
DA:62,0
DA:63,0
DA:65,0
DA:73,1
DA:74,0
DA:75,0
DA:76,0
DA:77,0
DA:79,0
LF:37
LH:7
BRDA:34,0,0,0
BRDA:34,0,1,0
BRDA:49,1,0,0
BRDA:49,1,1,0
BRDA:62,2,0,0
BRDA:62,2,1,0
BRDA:76,3,0,0
BRDA:76,3,1,0
BRF:8
BRH:0
end_of_record
TN:
SF:src\messages\models\message.models.js
FNF:0
FNH:0
DA:3,1
DA:20,1
LF:2
LH:2
BRF:0
BRH:0
end_of_record
TN:
SF:src\messages\routers\message.route.js
FNF:0
FNH:0
DA:5,1
DA:7,1
DA:9,1
DA:11,1
DA:13,1
DA:15,1
DA:17,1
LF:7
LH:7
BRF:0
BRH:0
end_of_record
TN:
SF:src\truthy\truthy.js
FN:1,truth
FNF:1
FNH:1
FNDA:1,truth
DA:2,1
LF:1
LH:1
BRF:0
BRH:0
end_of_record
TN:
SF:src\users\controllers\AuthController.js
FN:9,(anonymous_0)
FN:14,(anonymous_1)
FN:33,(anonymous_2)
FN:48,(anonymous_3)
FN:63,(anonymous_4)
FN:97,(anonymous_5)
FN:98,(anonymous_6)
FN:108,(anonymous_7)
FN:151,(anonymous_8)
FN:185,(anonymous_9)
FNF:10
FNH:1
FNDA:0,(anonymous_0)
FNDA:0,(anonymous_1)
FNDA:0,(anonymous_2)
FNDA:0,(anonymous_3)
FNDA:0,(anonymous_4)
FNDA:6,(anonymous_5)
FNDA:0,(anonymous_6)
FNDA:0,(anonymous_7)
FNDA:0,(anonymous_8)
FNDA:0,(anonymous_9)
DA:9,1
DA:10,0
DA:14,1
DA:15,0
DA:16,0
DA:20,0
DA:21,0
DA:22,0
DA:23,0
DA:33,1
DA:34,0
DA:35,0
DA:36,0
DA:44,0
DA:48,1
DA:49,0
DA:51,0
DA:52,0
DA:55,0
DA:56,0
DA:57,0
DA:60,0
DA:63,1
DA:67,0
DA:69,0
DA:71,0
DA:72,0
DA:77,0
DA:81,0
DA:82,0
DA:84,0
DA:87,0
DA:88,0
DA:93,0
DA:95,0
DA:97,1
DA:98,6
DA:99,0
DA:100,0
DA:101,0
DA:105,0
DA:108,1
DA:110,0
DA:111,0
DA:112,0
DA:115,0
DA:116,0
DA:118,0
DA:121,0
DA:126,0
DA:129,0
DA:134,0
DA:135,0
DA:143,0
DA:144,0
DA:145,0
DA:147,0
DA:151,1
DA:154,0
DA:158,0
DA:160,0
DA:165,0
DA:167,0
DA:168,0
DA:172,0
DA:173,0
DA:174,0
DA:175,0
DA:176,0
DA:182,0
DA:185,1
DA:186,0
DA:188,0
DA:189,0
DA:191,0
DA:192,0
DA:197,0
DA:198,0
DA:199,0
DA:201,0
DA:206,0
LF:81
LH:10
BRDA:20,0,0,0
BRDA:20,0,1,0
BRDA:51,1,0,0
BRDA:51,1,1,0
BRDA:51,2,0,0
BRDA:51,2,1,0
BRDA:56,3,0,0
BRDA:56,3,1,0
BRDA:56,4,0,0
BRDA:56,4,1,0
BRDA:67,5,0,0
BRDA:67,5,1,0
BRDA:67,6,0,0
BRDA:67,6,1,0
BRDA:71,7,0,0
BRDA:71,7,1,0
BRDA:82,8,0,0
BRDA:82,8,1,0
BRDA:87,9,0,0
BRDA:87,9,1,0
BRDA:100,10,0,0
BRDA:100,10,1,0
BRDA:111,11,0,0
BRDA:111,11,1,0
BRDA:167,12,0,0
BRDA:167,12,1,0
BRDA:191,13,0,0
BRDA:191,13,1,0
BRF:28
BRH:0
end_of_record
TN:
SF:src\users\controllers\user.controllers.js
FN:2,(anonymous_0)
FN:3,(anonymous_1)
FN:16,(anonymous_2)
FN:32,(anonymous_3)
FN:46,(anonymous_4)
FN:48,(anonymous_5)
FN:55,(anonymous_6)
FN:73,(anonymous_7)
FNF:8
FNH:0
FNDA:0,(anonymous_0)
FNDA:0,(anonymous_1)
FNDA:0,(anonymous_2)
FNDA:0,(anonymous_3)
FNDA:0,(anonymous_4)
FNDA:0,(anonymous_5)
FNDA:0,(anonymous_6)
FNDA:0,(anonymous_7)
DA:2,1
DA:3,1
DA:4,0
DA:5,0
DA:6,0
DA:7,0
DA:16,1
DA:17,0
DA:18,0
DA:19,0
DA:20,0
DA:21,0
DA:22,0
DA:23,0
DA:24,0
DA:25,0
DA:26,0
DA:32,1
DA:33,0
DA:34,0
DA:35,0
DA:37,0
DA:46,1
DA:47,0
DA:48,0
DA:49,0
DA:51,0
DA:55,1
DA:56,0
DA:57,0
DA:58,0
DA:62,0
DA:63,0
DA:65,0
DA:73,1
DA:74,0
DA:75,0
DA:76,0
DA:77,0
DA:79,0
LF:40
LH:7
BRDA:34,0,0,0
BRDA:34,0,1,0
BRDA:49,1,0,0
BRDA:49,1,1,0
BRDA:62,2,0,0
BRDA:62,2,1,0
BRDA:76,3,0,0
BRDA:76,3,1,0
BRF:8
BRH:0
end_of_record
TN:
SF:src\users\middlewares\appError.js
FN:2,(anonymous_0)
FNF:1
FNH:0
FNDA:0,(anonymous_0)
DA:3,0
DA:5,0
DA:6,0
DA:7,0
DA:8,0
LF:5
LH:0
BRDA:6,0,0,0
BRDA:6,0,1,0
BRF:2
BRH:0
end_of_record
TN:
SF:src\users\middlewares\catchAsync.js
FN:1,(anonymous_0)
FN:2,(anonymous_1)
FN:3,(anonymous_2)
FNF:3
FNH:1
FNDA:6,(anonymous_0)
FNDA:0,(anonymous_1)
FNDA:0,(anonymous_2)
DA:1,1
DA:2,6
DA:3,0
LF:3
LH:2
BRF:0
BRH:0
end_of_record
TN:
SF:src\users\middlewares\email.js
FN:4,(anonymous_0)
FNF:1
FNH:0
FNDA:0,(anonymous_0)
DA:4,1
DA:7,0
DA:20,0
DA:23,0
DA:33,0
LF:5
LH:1
BRF:0
BRH:0
end_of_record
TN:
SF:src\users\middlewares\user.middlewares.js
FN:2,(anonymous_0)
FN:7,(anonymous_1)
FNF:2
FNH:0
FNDA:0,(anonymous_0)
FNDA:0,(anonymous_1)
DA:2,1
DA:3,0
DA:4,0
DA:5,0
DA:6,0
DA:7,0
DA:8,0
DA:9,0
LF:8
LH:1
BRDA:5,0,0,0
BRDA:5,0,1,0
BRDA:6,1,0,0
BRDA:6,1,1,0
BRDA:7,2,0,0
BRDA:7,2,1,0
BRF:6
BRH:0
end_of_record
TN:
SF:src\users\models\user.models.js
FN:40,(anonymous_0)
FN:53,(anonymous_1)
FN:63,(anonymous_2)
FN:70,(anonymous_3)
FN:75,(anonymous_4)
FN:86,(anonymous_5)
FNF:6
FNH:0
FNDA:0,(anonymous_0)
FNDA:0,(anonymous_1)
FNDA:0,(anonymous_2)
FNDA:0,(anonymous_3)
FNDA:0,(anonymous_4)
FNDA:0,(anonymous_5)
DA:5,1
DA:41,0
DA:53,1
DA:55,0
DA:57,0
DA:59,0
DA:60,0
DA:63,1
DA:66,0
DA:67,0
DA:70,1
DA:72,0
DA:75,1
DA:76,0
DA:77,0
DA:81,0
DA:83,0
DA:86,1
DA:87,0
DA:88,0
DA:93,0
DA:95,0
DA:97,1
LF:23
LH:7
BRDA:55,0,0,0
BRDA:55,0,1,0
BRDA:76,1,0,0
BRDA:76,1,1,0
BRF:4
BRH:0
end_of_record
TN:
SF:src\users\routers\user.route.js
FNF:0
FNH:0
DA:6,1
DA:7,1
DA:8,1
DA:10,1
DA:12,1
DA:14,1
DA:16,1
DA:18,1
DA:20,1
LF:9
LH:9
BRF:0
BRH:0
end_of_record
TN:
SF:src\utils\ErrorController.js
FN:3,(anonymous_0)
FN:5,(anonymous_1)
FN:12,(anonymous_2)
FN:18,(anonymous_3)
FN:25,(anonymous_4)
FN:34,(anonymous_5)
FN:53,(anonymous_6)
FNF:7
FNH:0
FNDA:0,(anonymous_0)
FNDA:0,(anonymous_1)
FNDA:0,(anonymous_2)
FNDA:0,(anonymous_3)
FNDA:0,(anonymous_4)
FNDA:0,(anonymous_5)
FNDA:0,(anonymous_6)
DA:3,1
DA:5,0
DA:8,0
DA:10,0
DA:12,1
DA:13,0
DA:14,0
DA:16,0
DA:18,1
DA:20,0
DA:21,0
DA:25,1
DA:27,0
DA:34,1
DA:35,0
DA:36,0
DA:43,0
DA:45,0
DA:53,1
DA:54,0
DA:55,0
DA:57,0
DA:58,0
DA:59,0
DA:60,0
DA:61,0
DA:64,0
DA:65,0
DA:66,0
DA:67,0
DA:68,0
DA:69,0
DA:71,0
LF:33
LH:6
BRDA:35,0,0,0
BRDA:35,0,1,0
BRDA:54,1,0,0
BRDA:54,1,1,0
BRDA:55,2,0,0
BRDA:55,2,1,0
BRDA:59,3,0,0
BRDA:59,3,1,0
BRDA:64,4,0,0
BRDA:64,4,1,0
BRDA:67,5,0,0
BRDA:67,5,1,0
BRDA:68,6,0,0
BRDA:68,6,1,0
BRDA:69,7,0,0
BRDA:69,7,1,0
BRF:16
BRH:0
end_of_record
TN:
SF:src\utils\appError.js
FN:2,(anonymous_0)
FNF:1
FNH:0
FNDA:0,(anonymous_0)
DA:3,0
DA:4,0
DA:5,0
DA:6,0
DA:7,0
DA:8,0
LF:6
LH:0
BRDA:6,0,0,0
BRDA:6,0,1,0
BRF:2
BRH:0
end_of_record
TN:
SF:src\utils\catchAsync.js
FN:1,(anonymous_0)
FN:2,(anonymous_1)
FN:3,(anonymous_2)
FNF:3
FNH:1
FNDA:5,(anonymous_0)
FNDA:0,(anonymous_1)
FNDA:0,(anonymous_2)
DA:1,1
DA:2,5
DA:3,0
LF:3
LH:2
BRF:0
BRH:0
end_of_record
